<?xml version="1.0" encoding="UTF-8"?>
<!-- Generated by org.testng.reporters.JUnitReportReporter -->
<testsuite hostname="360NDCLP240" failures="0" tests="1" name="tests.UsersLoginDetail" time="1.563" errors="0" timestamp="2024-10-16T21:05:15 IST" skipped="0">
  <testcase classname="tests.UsersLoginDetail" name="getAllUser" time="1.563"/>
</testsuite> <!-- tests.UsersLoginDetail -->
