<?xml version="1.0" encoding="UTF-8"?>
<!-- Generated by org.testng.reporters.JUnitReportReporter -->
<testsuite hostname="360NDCLP240" failures="0" tests="2" name="tests.restWithReports" time="2.487" errors="0" timestamp="2024-12-22T19:54:30 IST" skipped="0">
  <testcase classname="tests.restWithReports" name="testPost" time="0.521"/>
  <testcase classname="tests.restWithReports" name="testGiven" time="1.966"/>
</testsuite> <!-- tests.restWithReports -->
