<?xml version="1.0" encoding="UTF-8"?>
<!-- Generated by org.testng.reporters.JUnitReportReporter -->
<testsuite hostname="360NDCLP240" failures="0" tests="2" name="tests.ExtentReportExcelApi" time="2.835" errors="0" timestamp="2024-12-26T22:21:06 IST" skipped="0">
  <testcase classname="tests.ExtentReportExcelApi" name="testPost" time="0.508"/>
  <testcase classname="tests.ExtentReportExcelApi" name="testGet" time="2.327"/>
</testsuite> <!-- tests.ExtentReportExcelApi -->
