<?xml version="1.0" encoding="UTF-8"?>
<!-- Generated by org.testng.reporters.JUnitReportReporter -->
<testsuite hostname="360NDCLP240" failures="0" tests="2" name="tests.CustomReportExample" time="3.279" errors="0" timestamp="2024-12-26T22:40:30 IST" skipped="0">
  <testcase classname="tests.CustomReportExample" name="testPOSTRequest" time="0.960"/>
  <testcase classname="tests.CustomReportExample" name="testGETRequest" time="2.319"/>
</testsuite> <!-- tests.CustomReportExample -->
