<?xml version="1.0" encoding="UTF-8"?>
<!-- Generated by org.testng.reporters.JUnitReportReporter -->
<testsuite hostname="360NDCLP240" failures="0" tests="2" name="tests.restReviseProgram" time="2.744" errors="0" timestamp="2024-12-18T14:29:26 IST" skipped="0">
  <testcase classname="tests.restReviseProgram" name="getTheUsrDetail" time="2.007"/>
  <testcase classname="tests.restReviseProgram" name="createNewUser" time="0.737"/>
</testsuite> <!-- tests.restReviseProgram -->
