<?xml version="1.0" encoding="UTF-8"?>
<!-- Generated by org.testng.reporters.JUnitReportReporter -->
<testsuite hostname="360NDCLP240" failures="0" tests="2" name="tests.newRestWithReport" time="2.667" errors="0" timestamp="2025-01-03T13:08:29 IST" skipped="0">
  <testcase classname="tests.newRestWithReport" name="testGet" time="2.173"/>
  <testcase classname="tests.newRestWithReport" name="testPost" time="0.494"/>
</testsuite> <!-- tests.newRestWithReport -->
