<?xml version="1.0" encoding="UTF-8"?>
<!-- Generated by org.testng.reporters.JUnitReportReporter -->
<testsuite hostname="360NDCLP240" failures="0" tests="2" name="tests.newRestWithReport" time="2.503" errors="0" timestamp="2025-01-03T13:11:58 IST" skipped="0">
  <testcase classname="tests.newRestWithReport" name="testPost" time="0.441"/>
  <testcase classname="tests.newRestWithReport" name="testGet" time="2.062"/>
</testsuite> <!-- tests.newRestWithReport -->
